<?xml version="1.0" encoding="UTF-8"?>
<!-- Generated by org.testng.reporters.JUnitReportReporter -->
<testsuite hostname="Jagadish" failures="0" tests="3" name="testrunner.MyRunner" time="33.899" errors="0" timestamp="2024-12-18T22:27:49 IST" skipped="0">
  <testcase classname="testrunner.MyRunner" name="runScenario" time="8.517"/>
  <testcase classname="testrunner.MyRunner" name="runScenario" time="17.454"/>
  <testcase classname="testrunner.MyRunner" name="runScenario" time="7.928"/>
</testsuite> <!-- testrunner.MyRunner -->
